This is pdfTeX, Version 3.14159265-2.6-1.40.19 (TeX Live 2018/Arch Linux) (preloaded format=pdflatex 2019.3.25)  2 APR 2019 21:09
entering extended mode
 restricted \write18 enabled.
 %&-line parsing enabled.
**apuntes.tex
(./apuntes.tex
LaTeX2e <2018-12-01>
(/usr/share/texmf-dist/tex/latex/base/report.cls
Document Class: report 2018/09/03 v1.4i Standard LaTeX document class
(/usr/share/texmf-dist/tex/latex/base/size10.clo
File: size10.clo 2018/09/03 v1.4i Standard LaTeX file (size option)
)
\c@part=\count80
\c@chapter=\count81
\c@section=\count82
\c@subsection=\count83
\c@subsubsection=\count84
\c@paragraph=\count85
\c@subparagraph=\count86
\c@figure=\count87
\c@table=\count88
\abovecaptionskip=\skip41
\belowcaptionskip=\skip42
\bibindent=\dimen102
)
(/usr/share/texmf-dist/tex/latex/base/inputenc.sty
Package: inputenc 2018/08/11 v1.3c Input encoding file
\inpenc@prehook=\toks14
\inpenc@posthook=\toks15
)
(/usr/share/texmf-dist/tex/latex/graphics/graphics.sty
Package: graphics 2017/06/25 v1.2c Standard LaTeX Graphics (DPC,SPQR)

(/usr/share/texmf-dist/tex/latex/graphics/trig.sty
Package: trig 2016/01/03 v1.10 sin cos tan (DPC)
)
(/usr/share/texmf-dist/tex/latex/graphics-cfg/graphics.cfg
File: graphics.cfg 2016/06/04 v1.11 sample graphics configuration
)
Package graphics Info: Driver file: dvips.def on input line 99.

(/usr/share/texmf-dist/tex/latex/graphics-def/dvips.def
File: dvips.def 2017/06/20 v3.1d Graphics/color driver for dvips
))
(/usr/share/texmf-dist/tex/generic/babel/babel.sty
Package: babel 2018/11/13 3.27 The Babel package

(/usr/share/texmf-dist/tex/generic/babel/switch.def
File: switch.def 2018/11/13 3.27 Babel switching mechanism
)
(/usr/share/texmf-dist/tex/generic/babel-spanish/spanish.ldf
Language: spanish.ldf 2016/03/03 v5.0p Spanish support from the babel system

(/usr/share/texmf-dist/tex/generic/babel/babel.def
File: babel.def 2018/11/13 3.27 Babel common definitions
\babel@savecnt=\count89
\U@D=\dimen103

(/usr/share/texmf-dist/tex/generic/babel/txtbabel.def)
\bbl@dirlevel=\count90
)
\es@quottoks=\toks16
\es@quotdepth=\count91
Package babel Info: Making " an active character on input line 561.
Package babel Info: Making . an active character on input line 662.
Package babel Info: Making < an active character on input line 707.
Package babel Info: Making > an active character on input line 707.
))
(/usr/share/texmf-dist/tex/latex/preprint/fullpage.sty
Package: fullpage 1999/02/23 1.1 (PWD)
\FP@margin=\skip43
)
(/usr/share/texmf-dist/tex/latex/amsfonts/euscript.sty
Package: euscript 2009/06/22 v3.00 Euler Script fonts
LaTeX Font Info:    Overwriting math alphabet `\EuScript' in version `bold'
(Font)                  U/eus/m/n --> U/eus/b/n on input line 33.
)
(/usr/share/texmf-dist/tex/latex/amsmath/amsmath.sty
Package: amsmath 2018/12/01 v2.17b AMS math features
\@mathmargin=\skip44

For additional information on amsmath, use the `?' option.
(/usr/share/texmf-dist/tex/latex/amsmath/amstext.sty
Package: amstext 2000/06/29 v2.01 AMS text

(/usr/share/texmf-dist/tex/latex/amsmath/amsgen.sty
File: amsgen.sty 1999/11/30 v2.0 generic functions
\@emptytoks=\toks17
\ex@=\dimen104
))
(/usr/share/texmf-dist/tex/latex/amsmath/amsbsy.sty
Package: amsbsy 1999/11/29 v1.2d Bold Symbols
\pmbraise@=\dimen105
)
(/usr/share/texmf-dist/tex/latex/amsmath/amsopn.sty
Package: amsopn 2016/03/08 v2.02 operator names
)
\inf@bad=\count92
LaTeX Info: Redefining \frac on input line 223.
\uproot@=\count93
\leftroot@=\count94
LaTeX Info: Redefining \overline on input line 385.
\classnum@=\count95
\DOTSCASE@=\count96
LaTeX Info: Redefining \ldots on input line 482.
LaTeX Info: Redefining \dots on input line 485.
LaTeX Info: Redefining \cdots on input line 606.
\Mathstrutbox@=\box27
\strutbox@=\box28
\big@size=\dimen106
LaTeX Font Info:    Redeclaring font encoding OML on input line 729.
LaTeX Font Info:    Redeclaring font encoding OMS on input line 730.
\macc@depth=\count97
\c@MaxMatrixCols=\count98
\dotsspace@=\muskip10
\c@parentequation=\count99
\dspbrk@lvl=\count100
\tag@help=\toks18
\row@=\count101
\column@=\count102
\maxfields@=\count103
\andhelp@=\toks19
\eqnshift@=\dimen107
\alignsep@=\dimen108
\tagshift@=\dimen109
\tagwidth@=\dimen110
\totwidth@=\dimen111
\lineht@=\dimen112
\@envbody=\toks20
\multlinegap=\skip45
\multlinetaggap=\skip46
\mathdisplay@stack=\toks21
LaTeX Info: Redefining \[ on input line 2844.
LaTeX Info: Redefining \] on input line 2845.
)
(/usr/share/texmf-dist/tex/latex/amsfonts/amssymb.sty
Package: amssymb 2013/01/14 v3.01 AMS font symbols

(/usr/share/texmf-dist/tex/latex/amsfonts/amsfonts.sty
Package: amsfonts 2013/01/14 v3.01 Basic AMSFonts support
\symAMSa=\mathgroup4
\symAMSb=\mathgroup5
LaTeX Font Info:    Overwriting math alphabet `\mathfrak' in version `bold'
(Font)                  U/euf/m/n --> U/euf/b/n on input line 106.
))
(/usr/share/texmf-dist/tex/latex/graphics/epsfig.sty
Package: epsfig 2017/06/25 v1.7b (e)psfig emulation (SPQR)

(/usr/share/texmf-dist/tex/latex/graphics/graphicx.sty
Package: graphicx 2017/06/01 v1.1a Enhanced LaTeX Graphics (DPC,SPQR)

(/usr/share/texmf-dist/tex/latex/graphics/keyval.sty
Package: keyval 2014/10/28 v1.15 key=value parser (DPC)
\KV@toks@=\toks22
)
\Gin@req@height=\dimen113
\Gin@req@width=\dimen114
)
\epsfxsize=\dimen115
\epsfysize=\dimen116
)
(/usr/share/texmf-dist/tex/latex/tools/multicol.sty
Package: multicol 2018/12/27 v1.8v multicolumn formatting (FMi)
\c@tracingmulticols=\count104
\mult@box=\box29
\multicol@leftmargin=\dimen117
\c@unbalance=\count105
\c@collectmore=\count106
\doublecol@number=\count107
\multicoltolerance=\count108
\multicolpretolerance=\count109
\full@width=\dimen118
\page@free=\dimen119
\premulticols=\dimen120
\postmulticols=\dimen121
\multicolsep=\skip47
\multicolbaselineskip=\skip48
\partial@page=\box30
\last@line=\box31
\maxbalancingoverflow=\dimen122
\mult@rightbox=\box32
\mult@grightbox=\box33
\mult@gfirstbox=\box34
\mult@firstbox=\box35
\@tempa=\box36
\@tempa=\box37
\@tempa=\box38
\@tempa=\box39
\@tempa=\box40
\@tempa=\box41
\@tempa=\box42
\@tempa=\box43
\@tempa=\box44
\@tempa=\box45
\@tempa=\box46
\@tempa=\box47
\@tempa=\box48
\@tempa=\box49
\@tempa=\box50
\@tempa=\box51
\@tempa=\box52
\c@columnbadness=\count110
\c@finalcolumnbadness=\count111
\last@try=\dimen123
\multicolovershoot=\dimen124
\multicolundershoot=\dimen125
\mult@nat@firstbox=\box53
\colbreak@box=\box54
\mc@col@check@num=\count112
)
(/usr/share/texmf-dist/tex/latex/clrscode/clrscode.sty
Package: clrscode 2007/03/29 v1.7 format pseudocode

(/usr/share/texmf-dist/tex/latex/base/latexsym.sty
Package: latexsym 1998/08/17 v2.2e Standard LaTeX package (lasy symbols)
\symlasy=\mathgroup6
LaTeX Font Info:    Overwriting symbol font `lasy' in version `bold'
(Font)                  U/lasy/m/n --> U/lasy/b/n on input line 52.
)
\c@codelinenumber=\count113
\c@indent=\count114
\digitwidth=\skip49
\savecode=\box55
\codeboxwidth=\skip50
\c@thisindent=\count115
)
(/usr/share/texmf-dist/tex/latex/ntheorem/ntheorem.sty
Style `ntheorem', Version 1.33 <2011/08/15>
Package: ntheorem 2011/08/15 1.33
(/usr/share/texmf-dist/tex/latex/base/ifthen.sty
Package: ifthen 2014/09/29 v1.1c Standard LaTeX ifthen package (DPC)
)
\theorem@style=\toks23
\theorem@@style=\toks24
\theorembodyfont=\toks25
\theoremnumbering=\toks26
\theorempreskipamount=\skip51
\theorempostskipamount=\skip52
\theoremframepreskipamount=\skip53
\theoremframepostskipamount=\skip54
\theoreminframepreskipamount=\skip55
\theoreminframepostskipamount=\skip56
\theorem@preskip=\toks27
\theorem@postskip=\toks28
\theorem@framepreskip=\toks29
\theorem@framepostskip=\toks30
\theorem@inframepreskip=\toks31
\theorem@inframepostskip=\toks32
\theoremindent=\dimen126
\theorem@indent=\dimen127
\theoremrightindent=\dimen128
\theorem@rightindent=\dimen129
\theoremheaderfont=\toks33
\theoremseparator=\toks34
\theoremprework=\toks35
\theorempostwork=\toks36
\theoremsymbol=\toks37
\qedsymbol=\toks38
\theoremkeyword=\toks39
\qedsymbol=\toks40
\thm@topsep=\skip57
\thm@topsepadd=\skip58
)
(/usr/share/texmf-dist/tex/latex/graphics/color.sty
Package: color 2016/07/10 v1.1e Standard LaTeX Color (DPC)

(/usr/share/texmf-dist/tex/latex/graphics-cfg/color.cfg
File: color.cfg 2016/01/02 v1.6 sample color configuration
)
Package color Info: Driver file: pdftex.def on input line 147.

(/usr/share/texmf-dist/tex/latex/graphics-def/pdftex.def
File: pdftex.def 2018/01/08 v1.0l Graphics/color driver for pdftex
))
\c@teorema=\count116


LaTeX Warning: Unused global option(s):
    [letter].

(./apuntes.aux
LaTeX Info: Redefining \. on input line 6.
LaTeX Info: Redefining \% on input line 6.
)
\openout1 = `apuntes.aux'.

LaTeX Font Info:    Checking defaults for OML/cmm/m/it on input line 129.
LaTeX Font Info:    ... okay on input line 129.
LaTeX Font Info:    Checking defaults for T1/cmr/m/n on input line 129.
LaTeX Font Info:    ... okay on input line 129.
LaTeX Font Info:    Checking defaults for OT1/cmr/m/n on input line 129.
LaTeX Font Info:    ... okay on input line 129.
LaTeX Font Info:    Checking defaults for OMS/cmsy/m/n on input line 129.
LaTeX Font Info:    ... okay on input line 129.
LaTeX Font Info:    Checking defaults for OMX/cmex/m/n on input line 129.
LaTeX Font Info:    ... okay on input line 129.
LaTeX Font Info:    Checking defaults for U/cmr/m/n on input line 129.
LaTeX Font Info:    ... okay on input line 129.
LaTeX Info: Redefining \. on input line 129.
LaTeX Info: Redefining \% on input line 129.
 (/usr/share/texmf-dist/tex/context/base/mkii/supp-pdf.mkii
[Loading MPS to PDF converter (version 2006.09.02).]
\scratchcounter=\count117
\scratchdimen=\dimen130
\scratchbox=\box56
\nofMPsegments=\count118
\nofMParguments=\count119
\everyMPshowfont=\toks41
\MPscratchCnt=\count120
\MPscratchDim=\dimen131
\MPnumerator=\count121
\makeMPintoPDFobject=\count122
\everyMPtoPDFconversion=\toks42
) (/usr/share/texmf-dist/tex/latex/oberdiek/epstopdf-base.sty
Package: epstopdf-base 2016/05/15 v2.6 Base part for package epstopdf

(/usr/share/texmf-dist/tex/generic/oberdiek/infwarerr.sty
Package: infwarerr 2016/05/16 v1.4 Providing info/warning/error messages (HO)
)
(/usr/share/texmf-dist/tex/latex/oberdiek/grfext.sty
Package: grfext 2016/05/16 v1.2 Manage graphics extensions (HO)

(/usr/share/texmf-dist/tex/generic/oberdiek/kvdefinekeys.sty
Package: kvdefinekeys 2016/05/16 v1.4 Define keys (HO)

(/usr/share/texmf-dist/tex/generic/oberdiek/ltxcmds.sty
Package: ltxcmds 2016/05/16 v1.23 LaTeX kernel commands for general use (HO)
)))
(/usr/share/texmf-dist/tex/latex/oberdiek/kvoptions.sty
Package: kvoptions 2016/05/16 v3.12 Key value format for package options (HO)

(/usr/share/texmf-dist/tex/generic/oberdiek/kvsetkeys.sty
Package: kvsetkeys 2016/05/16 v1.17 Key value parser (HO)

(/usr/share/texmf-dist/tex/generic/oberdiek/etexcmds.sty
Package: etexcmds 2016/05/16 v1.6 Avoid name clashes with e-TeX commands (HO)

(/usr/share/texmf-dist/tex/generic/oberdiek/ifluatex.sty
Package: ifluatex 2016/05/16 v1.4 Provides the ifluatex switch (HO)
Package ifluatex Info: LuaTeX not detected.
)
Package etexcmds Info: Could not find \expanded.
(etexcmds)             That can mean that you are not using pdfTeX 1.50 or
(etexcmds)             that some package has redefined \expanded.
(etexcmds)             In the latter case, load this package earlier.
)))
(/usr/share/texmf-dist/tex/generic/oberdiek/pdftexcmds.sty
Package: pdftexcmds 2018/09/10 v0.29 Utility functions of pdfTeX for LuaTeX (HO
)

(/usr/share/texmf-dist/tex/generic/oberdiek/ifpdf.sty
Package: ifpdf 2018/09/07 v3.3 Provides the ifpdf switch
)
Package pdftexcmds Info: LuaTeX not detected.
Package pdftexcmds Info: \pdf@primitive is available.
Package pdftexcmds Info: \pdf@ifprimitive is available.
Package pdftexcmds Info: \pdfdraftmode found.
)
Package epstopdf-base Info: Redefining graphics rule for `.eps' on input line 4
38.
Package grfext Info: Graphics extension search list:
(grfext)             [.pdf,.png,.jpg,.mps,.jpeg,.jbig2,.jb2,.PDF,.PNG,.JPG,.JPE
G,.JBIG2,.JB2,.eps]
(grfext)             \AppendGraphicsExtensions on input line 456.

(/usr/share/texmf-dist/tex/latex/latexconfig/epstopdf-sys.cfg
File: epstopdf-sys.cfg 2010/07/13 v1.3 Configuration of (r)epstopdf for TeX Liv
e
))
LaTeX Font Info:    Try loading font information for U+msa on input line 136.

(/usr/share/texmf-dist/tex/latex/amsfonts/umsa.fd
File: umsa.fd 2013/01/14 v3.01 AMS symbols A
)
LaTeX Font Info:    Try loading font information for U+msb on input line 136.

(/usr/share/texmf-dist/tex/latex/amsfonts/umsb.fd
File: umsb.fd 2013/01/14 v3.01 AMS symbols B
)
LaTeX Font Info:    Try loading font information for U+lasy on input line 136.

(/usr/share/texmf-dist/tex/latex/base/ulasy.fd
File: ulasy.fd 1998/08/17 v2.2e LaTeX symbol font definitions
)
Underfull \hbox (badness 1748) in paragraph at lines 136--136
\OT1/cmr/m/n/9 ca (2005--2006), Ma-tem^^Sati-cas Dis-cre-tas en la Uni-ver-si-d
ad Cat^^Soli-ca (2007--2010), y Ma-tem^^Sati-cas Dis-cre-tas
 []


Underfull \hbox (badness 1824) in paragraph at lines 136--136
\OT1/cmr/m/n/9 en la Uni-ver-si-dad de Chi-le (2011--). Si quie-res coope-rar c
om-ple-tan-do es-tros apun-tes pue-des ha-cer-lo en
 []

[1
Non-PDF special ignored!
<special> papersize=614.295pt,794.96999pt

{/var/lib/texmf/fonts/map/pdftex/updmap/pdftex.map}] (./apuntes.toc
LaTeX Info: Redefining \. on input line 1.
LaTeX Info: Redefining \% on input line 1.
 [1

])
\tf@toc=\write3
\openout3 = `apuntes.toc'.


[2]
Cap\'{\i }tulo 1.
[3

] (./induccion.tex
Underfull \hbox (badness 10000) in paragraph at lines 9--11

 []

[4] [5] [6]
Package epstopdf Info: Source file: <eps_imgs/tromino.eps>
(epstopdf)                    date: 2019-03-28 19:19:38
(epstopdf)                    size: 1832 bytes
(epstopdf)             Output file: <eps_imgs/tromino-eps-converted-to.pdf>
(epstopdf)                    date: 2019-03-28 19:31:16
(epstopdf)                    size: 2460 bytes
(epstopdf)             Command: <repstopdf --outfile=eps_imgs/tromino-eps-conve
rted-to.pdf eps_imgs/tromino.eps>
(epstopdf)             \includegraphics on input line 184.
Package epstopdf Info: Output file is already uptodate.
<eps_imgs/tromino-eps-converted-to.pdf, id=45, 68.255pt x 68.255pt>
File: eps_imgs/tromino-eps-converted-to.pdf Graphic file (type pdf)
<use eps_imgs/tromino-eps-converted-to.pdf>
Package pdftex.def Info: eps_imgs/tromino-eps-converted-to.pdf  used on input l
ine 184.
(pdftex.def)             Requested size: 68.25482pt x 68.25482pt.
 [7 <./eps_imgs/tromino-eps-converted-to.pdf>] [8] [9] [10] [11]
[12] [13] [14]
LaTeX Font Info:    Try loading font information for OMS+cmr on input line 653.

 (/usr/share/texmf-dist/tex/latex/base/omscmr.fd
File: omscmr.fd 2014/09/29 v2.5h Standard LaTeX font definitions
)
LaTeX Font Info:    Font shape `OMS/cmr/m/n' in size <10> not available
(Font)              Font shape `OMS/cmsy/m/n' tried instead on input line 653.
) [15]
(./logica-prop.tex [16] [17] [18] [19] [20] [21]) [22] (./conjuntos.tex
Overfull \hbox (1.17073pt too wide) in paragraph at lines 36--38
[]\OT1/cmr/m/n/10 Por ejem-plo, al-gu-nas re-la-cio-nes co-mo $\U/msb/m/n/10 N 
\OMS/cmsy/m/n/10 ^^R \U/msb/m/n/10 Z$\OT1/cmr/m/n/10 , o $\OMS/cmsy/m/n/10 f\OT
1/cmr/m/n/10 1\OML/cmm/m/it/10 ; \OT1/cmr/m/n/10 2\OMS/cmsy/m/n/10 g ^^R f\OT1/
cmr/m/n/10 1\OML/cmm/m/it/10 ; \OT1/cmr/m/n/10 2\OML/cmm/m/it/10 ; \OT1/cmr/m/n
/10 3\OMS/cmsy/m/n/10 g$ \OT1/cmr/m/n/10 se cum-plen. No-te que $\OMS/cmsy/m/n/
10 f\OT1/cmr/m/n/10 1\OML/cmm/m/it/10 ; \OT1/cmr/m/n/10 2\OMS/cmsy/m/n/10 g 6^^
R ff\OT1/cmr/m/n/10 1\OML/cmm/m/it/10 ; \OT1/cmr/m/n/10 2\OMS/cmsy/m/n/10 g\OML
/cmm/m/it/10 ; \OMS/cmsy/m/n/10 f\OT1/cmr/m/n/10 2\OML/cmm/m/it/10 ; \OT1/cmr/m
/n/10 3\OMS/cmsy/m/n/10 gg$\OT1/cmr/m/n/10 . 
 []

[23] [24]
Package epstopdf Info: Source file: <eps_imgs/russell.eps>
(epstopdf)                    date: 2019-03-28 19:19:38
(epstopdf)                    size: 85622 bytes
(epstopdf)             Output file: <eps_imgs/russell-eps-converted-to.pdf>
(epstopdf)                    date: 2019-03-28 19:31:17
(epstopdf)                    size: 68706 bytes
(epstopdf)             Command: <repstopdf --outfile=eps_imgs/russell-eps-conve
rted-to.pdf eps_imgs/russell.eps>
(epstopdf)             \includegraphics on input line 165.
Package epstopdf Info: Output file is already uptodate.
<eps_imgs/russell-eps-converted-to.pdf, id=109, 158.5925pt x 218.8175pt>
File: eps_imgs/russell-eps-converted-to.pdf Graphic file (type pdf)
<use eps_imgs/russell-eps-converted-to.pdf>
Package pdftex.def Info: eps_imgs/russell-eps-converted-to.pdf  used on input l
ine 165.
(pdftex.def)             Requested size: 140.0pt x 193.18102pt.
Package epstopdf Info: Source file: <eps_imgs/godel.eps>
(epstopdf)                    date: 2019-03-28 19:19:38
(epstopdf)                    size: 9910 bytes
(epstopdf)             Output file: <eps_imgs/godel-eps-converted-to.pdf>
(epstopdf)                    date: 2019-03-28 19:31:17
(epstopdf)                    size: 8967 bytes
(epstopdf)             Command: <repstopdf --outfile=eps_imgs/godel-eps-convert
ed-to.pdf eps_imgs/godel.eps>
(epstopdf)             \includegraphics on input line 166.
Package epstopdf Info: Output file is already uptodate.
<eps_imgs/godel-eps-converted-to.pdf, id=110, 270.00874pt x 329.23pt>
File: eps_imgs/godel-eps-converted-to.pdf Graphic file (type pdf)
<use eps_imgs/godel-eps-converted-to.pdf>
Package pdftex.def Info: eps_imgs/godel-eps-converted-to.pdf  used on input lin
e 166.
(pdftex.def)             Requested size: 150.0pt x 182.90063pt.


LaTeX Warning: `!h' float specifier changed to `!ht'.

[25] [26 <./eps_imgs/russell-eps-converted-to.pdf> <./eps_imgs/godel-eps-conver
ted-to.pdf>] [27] [28] [29]) [30] (./relaciones.tex [31] [32] [33] [34]
[35] [36] [37] [38] [39] [40] [41]
Package epstopdf Info: Source file: <eps_imgs/diagH-tareas.eps>
(epstopdf)                    date: 2019-03-28 19:19:38
(epstopdf)                    size: 16476 bytes
(epstopdf)             Output file: <eps_imgs/diagH-tareas-eps-converted-to.pdf
>
(epstopdf)                    date: 2019-03-28 19:31:17
(epstopdf)                    size: 5402 bytes
(epstopdf)             Command: <repstopdf --outfile=eps_imgs/diagH-tareas-eps-
converted-to.pdf eps_imgs/diagH-tareas.eps>
(epstopdf)             \includegraphics on input line 744.
Package epstopdf Info: Output file is already uptodate.
<eps_imgs/diagH-tareas-eps-converted-to.pdf, id=173, 125.46875pt x 105.39375pt>

File: eps_imgs/diagH-tareas-eps-converted-to.pdf Graphic file (type pdf)
<use eps_imgs/diagH-tareas-eps-converted-to.pdf>
Package pdftex.def Info: eps_imgs/diagH-tareas-eps-converted-to.pdf  used on in
put line 744.
(pdftex.def)             Requested size: 125.46843pt x 105.39348pt.
 [42]
Package epstopdf Info: Source file: <eps_imgs/diagH-subconjuntos.eps>
(epstopdf)                    date: 2019-03-28 19:19:38
(epstopdf)                    size: 22841 bytes
(epstopdf)             Output file: <eps_imgs/diagH-subconjuntos-eps-converted-
to.pdf>
(epstopdf)                    date: 2019-03-28 19:31:17
(epstopdf)                    size: 6280 bytes
(epstopdf)             Command: <repstopdf --outfile=eps_imgs/diagH-subconjunto
s-eps-converted-to.pdf eps_imgs/diagH-subconjuntos.eps>
(epstopdf)             \includegraphics on input line 769.
Package epstopdf Info: Output file is already uptodate.
<eps_imgs/diagH-subconjuntos-eps-converted-to.pdf, id=178, 121.45375pt x 155.58
125pt>
File: eps_imgs/diagH-subconjuntos-eps-converted-to.pdf Graphic file (type pdf)
<use eps_imgs/diagH-subconjuntos-eps-converted-to.pdf>
Package pdftex.def Info: eps_imgs/diagH-subconjuntos-eps-converted-to.pdf  used
 on input line 769.
(pdftex.def)             Requested size: 121.45343pt x 155.58086pt.
 [43 <./eps_imgs/diagH-tareas-eps-converted-to.pdf> <./eps_imgs/diagH-subconjun
tos-eps-converted-to.pdf>] [44] [45]
Package epstopdf Info: Source file: <eps_imgs/uparrow-equiv.eps>
(epstopdf)                    date: 2019-03-28 19:19:38
(epstopdf)                    size: 36967 bytes
(epstopdf)             Output file: <eps_imgs/uparrow-equiv-eps-converted-to.pd
f>
(epstopdf)                    date: 2019-03-28 19:31:18
(epstopdf)                    size: 8797 bytes
(epstopdf)             Command: <repstopdf --outfile=eps_imgs/uparrow-equiv-eps
-converted-to.pdf eps_imgs/uparrow-equiv.eps>
(epstopdf)             \includegraphics on input line 942.
Package epstopdf Info: Output file is already uptodate.
<eps_imgs/uparrow-equiv-eps-converted-to.pdf, id=207, 140.525pt x 127.47626pt>
File: eps_imgs/uparrow-equiv-eps-converted-to.pdf Graphic file (type pdf)
<use eps_imgs/uparrow-equiv-eps-converted-to.pdf>
Package pdftex.def Info: eps_imgs/uparrow-equiv-eps-converted-to.pdf  used on i
nput line 942.
(pdftex.def)             Requested size: 140.52464pt x 127.47594pt.

[46 <./eps_imgs/uparrow-equiv-eps-converted-to.pdf>] [47]) [48]
(./logica-pred.tex) [49] (./cardinalidad.tex [50] [51] [52] [53] [54] [55]
[56] [57] [58]) (./cbs.tex [59] [60]) [61] (./numeros.tex) [62]
Cap\'{\i }tulo 2.
[63

] (./grafos.tex
Package epstopdf Info: Source file: <eps_imgs/konigsberg.eps>
(epstopdf)                    date: 2019-03-28 19:19:38
(epstopdf)                    size: 22690 bytes
(epstopdf)             Output file: <eps_imgs/konigsberg-eps-converted-to.pdf>
(epstopdf)                    date: 2019-03-28 19:31:18
(epstopdf)                    size: 6587 bytes
(epstopdf)             Command: <repstopdf --outfile=eps_imgs/konigsberg-eps-co
nverted-to.pdf eps_imgs/konigsberg.eps>
(epstopdf)             \includegraphics on input line 14.
Package epstopdf Info: Output file is already uptodate.
<eps_imgs/konigsberg-eps-converted-to.pdf, id=273, 301.125pt x 158.5925pt>
File: eps_imgs/konigsberg-eps-converted-to.pdf Graphic file (type pdf)
<use eps_imgs/konigsberg-eps-converted-to.pdf>
Package pdftex.def Info: eps_imgs/konigsberg-eps-converted-to.pdf  used on inpu
t line 14.
(pdftex.def)             Requested size: 284.83112pt x 150.0pt.
Package epstopdf Info: Source file: <eps_imgs/graph1.eps>
(epstopdf)                    date: 2019-03-28 19:19:38
(epstopdf)                    size: 20326 bytes
(epstopdf)             Output file: <eps_imgs/graph1-eps-converted-to.pdf>
(epstopdf)                    date: 2019-03-28 19:31:18
(epstopdf)                    size: 6216 bytes
(epstopdf)             Command: <repstopdf --outfile=eps_imgs/graph1-eps-conver
ted-to.pdf eps_imgs/graph1.eps>
(epstopdf)             \includegraphics on input line 26.
Package epstopdf Info: Output file is already uptodate.
<eps_imgs/graph1-eps-converted-to.pdf, id=274, 171.64125pt x 168.63pt>
File: eps_imgs/graph1-eps-converted-to.pdf Graphic file (type pdf)
<use eps_imgs/graph1-eps-converted-to.pdf>
Package pdftex.def Info: eps_imgs/graph1-eps-converted-to.pdf  used on input li
ne 26.
(pdftex.def)             Requested size: 152.68164pt x 150.0pt.
 [64 <./eps_imgs/konigsberg-eps-converted-to.pdf> <./eps_imgs/graph1-eps-conver
ted-to.pdf>]
Package epstopdf Info: Source file: <eps_imgs/graph2.eps>
(epstopdf)                    date: 2019-03-28 19:19:38
(epstopdf)                    size: 21398 bytes
(epstopdf)             Output file: <eps_imgs/graph2-eps-converted-to.pdf>
(epstopdf)                    date: 2019-03-28 19:31:18
(epstopdf)                    size: 6507 bytes
(epstopdf)             Command: <repstopdf --outfile=eps_imgs/graph2-eps-conver
ted-to.pdf eps_imgs/graph2.eps>
(epstopdf)             \includegraphics on input line 51.
Package epstopdf Info: Output file is already uptodate.
<eps_imgs/graph2-eps-converted-to.pdf, id=294, 129.48375pt x 169.63374pt>
File: eps_imgs/graph2-eps-converted-to.pdf Graphic file (type pdf)
<use eps_imgs/graph2-eps-converted-to.pdf>
Package pdftex.def Info: eps_imgs/graph2-eps-converted-to.pdf  used on input li
ne 51.
(pdftex.def)             Requested size: 114.50122pt x 150.0pt.
 [65 <./eps_imgs/graph2-eps-converted-to.pdf>]
Package epstopdf Info: Source file: <eps_imgs/graph3.eps>
(epstopdf)                    date: 2019-03-28 19:19:38
(epstopdf)                    size: 20542 bytes
(epstopdf)             Output file: <eps_imgs/graph3-eps-converted-to.pdf>
(epstopdf)                    date: 2019-03-28 19:31:18
(epstopdf)                    size: 6419 bytes
(epstopdf)             Command: <repstopdf --outfile=eps_imgs/graph3-eps-conver
ted-to.pdf eps_imgs/graph3.eps>
(epstopdf)             \includegraphics on input line 84.
Package epstopdf Info: Output file is already uptodate.
<eps_imgs/graph3-eps-converted-to.pdf, id=304, 133.49875pt x 93.34875pt>
File: eps_imgs/graph3-eps-converted-to.pdf Graphic file (type pdf)
<use eps_imgs/graph3-eps-converted-to.pdf>
Package pdftex.def Info: eps_imgs/graph3-eps-converted-to.pdf  used on input li
ne 84.
(pdftex.def)             Requested size: 133.4984pt x 93.34851pt.
Package epstopdf Info: Source file: <eps_imgs/graph5.eps>
(epstopdf)                    date: 2019-03-28 19:19:38
(epstopdf)                    size: 16845 bytes
(epstopdf)             Output file: <eps_imgs/graph5-eps-converted-to.pdf>
(epstopdf)                    date: 2019-03-28 19:31:18
(epstopdf)                    size: 5198 bytes
(epstopdf)             Command: <repstopdf --outfile=eps_imgs/graph5-eps-conver
ted-to.pdf eps_imgs/graph5.eps>
(epstopdf)             \includegraphics on input line 122.
Package epstopdf Info: Output file is already uptodate.
<eps_imgs/graph5-eps-converted-to.pdf, id=305, 166.6225pt x 112.42pt>
File: eps_imgs/graph5-eps-converted-to.pdf Graphic file (type pdf)
<use eps_imgs/graph5-eps-converted-to.pdf>
Package pdftex.def Info: eps_imgs/graph5-eps-converted-to.pdf  used on input li
ne 122.
(pdftex.def)             Requested size: 166.62209pt x 112.41972pt.
Package epstopdf Info: Source file: <eps_imgs/graph4.eps>
(epstopdf)                    date: 2019-03-28 19:19:38
(epstopdf)                    size: 17036 bytes
(epstopdf)             Output file: <eps_imgs/graph4-eps-converted-to.pdf>
(epstopdf)                    date: 2019-03-28 19:34:55
(epstopdf)                    size: 5279 bytes
(epstopdf)             Command: <repstopdf --outfile=eps_imgs/graph4-eps-conver
ted-to.pdf eps_imgs/graph4.eps>
(epstopdf)             \includegraphics on input line 122.
Package epstopdf Info: Output file is already uptodate.
<eps_imgs/graph4-eps-converted-to.pdf, id=306, 132.495pt x 166.6225pt>
File: eps_imgs/graph4-eps-converted-to.pdf Graphic file (type pdf)
<use eps_imgs/graph4-eps-converted-to.pdf>
Package pdftex.def Info: eps_imgs/graph4-eps-converted-to.pdf  used on input li
ne 122.
(pdftex.def)             Requested size: 132.49466pt x 166.62209pt.
Package epstopdf Info: Source file: <eps_imgs/graph8.eps>
(epstopdf)                    date: 2019-03-28 19:19:38
(epstopdf)                    size: 32875 bytes
(epstopdf)             Output file: <eps_imgs/graph8-eps-converted-to.pdf>
(epstopdf)                    date: 2019-03-28 19:31:29
(epstopdf)                    size: 7987 bytes
(epstopdf)             Command: <repstopdf --outfile=eps_imgs/graph8-eps-conver
ted-to.pdf eps_imgs/graph8.eps>
(epstopdf)             \includegraphics on input line 135.
Package epstopdf Info: Output file is already uptodate.
<eps_imgs/graph8-eps-converted-to.pdf, id=307, 482.80376pt x 166.6225pt>
File: eps_imgs/graph8-eps-converted-to.pdf Graphic file (type pdf)
<use eps_imgs/graph8-eps-converted-to.pdf>
Package pdftex.def Info: eps_imgs/graph8-eps-converted-to.pdf  used on input li
ne 135.
(pdftex.def)             Requested size: 482.80258pt x 166.62209pt.

Overfull \hbox (13.04756pt too wide) in paragraph at lines 135--135
 [][] 
 []

[66 <./eps_imgs/graph3-eps-converted-to.pdf>] [67 <./eps_imgs/graph5-eps-conver
ted-to.pdf> <./eps_imgs/graph4-eps-converted-to.pdf> <./eps_imgs/graph8-eps-con
verted-to.pdf>]
Package epstopdf Info: Source file: <eps_imgs/graph9.eps>
(epstopdf)                    date: 2019-03-28 19:19:38
(epstopdf)                    size: 16756 bytes
(epstopdf)             Output file: <eps_imgs/graph9-eps-converted-to.pdf>
(epstopdf)                    date: 2019-03-28 19:31:29
(epstopdf)                    size: 5819 bytes
(epstopdf)             Command: <repstopdf --outfile=eps_imgs/graph9-eps-conver
ted-to.pdf eps_imgs/graph9.eps>
(epstopdf)             \includegraphics on input line 205.
Package epstopdf Info: Output file is already uptodate.
<eps_imgs/graph9-eps-converted-to.pdf, id=346, 287.0725pt x 119.44624pt>
File: eps_imgs/graph9-eps-converted-to.pdf Graphic file (type pdf)
<use eps_imgs/graph9-eps-converted-to.pdf>
Package pdftex.def Info: eps_imgs/graph9-eps-converted-to.pdf  used on input li
ne 205.
(pdftex.def)             Requested size: 204.28284pt x 85.0pt.
Package epstopdf Info: Source file: <eps_imgs/p4.eps>
(epstopdf)                    date: 2019-03-28 19:19:38
(epstopdf)                    size: 13110 bytes
(epstopdf)             Output file: <eps_imgs/p4-eps-converted-to.pdf>
(epstopdf)                    date: 2019-03-28 19:31:29
(epstopdf)                    size: 2697 bytes
(epstopdf)             Command: <repstopdf --outfile=eps_imgs/p4-eps-converted-
to.pdf eps_imgs/p4.eps>
(epstopdf)             \includegraphics on input line 219.
Package epstopdf Info: Output file is already uptodate.
<eps_imgs/p4-eps-converted-to.pdf, id=347, 128.48pt x 21.07875pt>
File: eps_imgs/p4-eps-converted-to.pdf Graphic file (type pdf)
<use eps_imgs/p4-eps-converted-to.pdf>
Package pdftex.def Info: eps_imgs/p4-eps-converted-to.pdf  used on input line 2
19.
(pdftex.def)             Requested size: 128.47968pt x 21.07867pt.
Package epstopdf Info: Source file: <eps_imgs/p6.eps>
(epstopdf)                    date: 2019-03-28 19:19:38
(epstopdf)                    size: 13662 bytes
(epstopdf)             Output file: <eps_imgs/p6-eps-converted-to.pdf>
(epstopdf)                    date: 2019-03-28 19:34:55
(epstopdf)                    size: 2807 bytes
(epstopdf)             Command: <repstopdf --outfile=eps_imgs/p6-eps-converted-
to.pdf eps_imgs/p6.eps>
(epstopdf)             \includegraphics on input line 219.
Package epstopdf Info: Output file is already uptodate.
<eps_imgs/p6-eps-converted-to.pdf, id=348, 208.78pt x 21.07875pt>
File: eps_imgs/p6-eps-converted-to.pdf Graphic file (type pdf)
<use eps_imgs/p6-eps-converted-to.pdf>
Package pdftex.def Info: eps_imgs/p6-eps-converted-to.pdf  used on input line 2
19.
(pdftex.def)             Requested size: 208.77946pt x 21.07867pt.
Package epstopdf Info: Source file: <eps_imgs/c6.eps>
(epstopdf)                    date: 2019-03-28 19:19:38
(epstopdf)                    size: 13511 bytes
(epstopdf)             Output file: <eps_imgs/c6-eps-converted-to.pdf>
(epstopdf)                    date: 2019-03-28 19:31:41
(epstopdf)                    size: 2801 bytes
(epstopdf)             Command: <repstopdf --outfile=eps_imgs/c6-eps-converted-
to.pdf eps_imgs/c6.eps>
(epstopdf)             \includegraphics on input line 229.
Package epstopdf Info: Output file is already uptodate.
<eps_imgs/c6-eps-converted-to.pdf, id=349, 128.48pt x 40.15pt>
File: eps_imgs/c6-eps-converted-to.pdf Graphic file (type pdf)
<use eps_imgs/c6-eps-converted-to.pdf>
Package pdftex.def Info: eps_imgs/c6-eps-converted-to.pdf  used on input line 2
29.
(pdftex.def)             Requested size: 128.47968pt x 40.14989pt.
 [68 <./eps_imgs/graph9-eps-converted-to.pdf>]
Package epstopdf Info: Source file: <eps_imgs/k1.eps>
(epstopdf)                    date: 2019-03-28 19:19:38
(epstopdf)                    size: 12307 bytes
(epstopdf)             Output file: <eps_imgs/k1-eps-converted-to.pdf>
(epstopdf)                    date: 2019-03-28 19:31:41
(epstopdf)                    size: 2512 bytes
(epstopdf)             Command: <repstopdf --outfile=eps_imgs/k1-eps-converted-
to.pdf eps_imgs/k1.eps>
(epstopdf)             \includegraphics on input line 245.
Package epstopdf Info: Output file is already uptodate.
<eps_imgs/k1-eps-converted-to.pdf, id=357, 8.03pt x 8.03pt>
File: eps_imgs/k1-eps-converted-to.pdf Graphic file (type pdf)
<use eps_imgs/k1-eps-converted-to.pdf>
Package pdftex.def Info: eps_imgs/k1-eps-converted-to.pdf  used on input line 2
45.
(pdftex.def)             Requested size: 8.02997pt x 8.02997pt.
Package epstopdf Info: Source file: <eps_imgs/k2.eps>
(epstopdf)                    date: 2019-03-28 19:19:38
(epstopdf)                    size: 12582 bytes
(epstopdf)             Output file: <eps_imgs/k2-eps-converted-to.pdf>
(epstopdf)                    date: 2019-03-28 21:52:20
(epstopdf)                    size: 2577 bytes
(epstopdf)             Command: <repstopdf --outfile=eps_imgs/k2-eps-converted-
to.pdf eps_imgs/k2.eps>
(epstopdf)             \includegraphics on input line 246.
Package epstopdf Info: Output file is already uptodate.
<eps_imgs/k2-eps-converted-to.pdf, id=358, 48.18pt x 8.03pt>
File: eps_imgs/k2-eps-converted-to.pdf Graphic file (type pdf)
<use eps_imgs/k2-eps-converted-to.pdf>
Package pdftex.def Info: eps_imgs/k2-eps-converted-to.pdf  used on input line 2
46.
(pdftex.def)             Requested size: 48.17986pt x 8.02997pt.
Package epstopdf Info: Source file: <eps_imgs/k3.eps>
(epstopdf)                    date: 2019-03-28 19:19:38
(epstopdf)                    size: 12834 bytes
(epstopdf)             Output file: <eps_imgs/k3-eps-converted-to.pdf>
(epstopdf)                    date: 2019-03-28 21:52:21
(epstopdf)                    size: 2644 bytes
(epstopdf)             Command: <repstopdf --outfile=eps_imgs/k3-eps-converted-
to.pdf eps_imgs/k3.eps>
(epstopdf)             \includegraphics on input line 247.
Package epstopdf Info: Output file is already uptodate.
<eps_imgs/k3-eps-converted-to.pdf, id=359, 48.18pt x 40.15pt>
File: eps_imgs/k3-eps-converted-to.pdf Graphic file (type pdf)
<use eps_imgs/k3-eps-converted-to.pdf>
Package pdftex.def Info: eps_imgs/k3-eps-converted-to.pdf  used on input line 2
47.
(pdftex.def)             Requested size: 48.17986pt x 40.14989pt.
Package epstopdf Info: Source file: <eps_imgs/k4.eps>
(epstopdf)                    date: 2019-03-28 19:19:38
(epstopdf)                    size: 13117 bytes
(epstopdf)             Output file: <eps_imgs/k4-eps-converted-to.pdf>
(epstopdf)                    date: 2019-03-28 19:31:42
(epstopdf)                    size: 2675 bytes
(epstopdf)             Command: <repstopdf --outfile=eps_imgs/k4-eps-converted-
to.pdf eps_imgs/k4.eps>
(epstopdf)             \includegraphics on input line 248.
Package epstopdf Info: Output file is already uptodate.
<eps_imgs/k4-eps-converted-to.pdf, id=360, 48.18pt x 48.18pt>
File: eps_imgs/k4-eps-converted-to.pdf Graphic file (type pdf)
<use eps_imgs/k4-eps-converted-to.pdf>
Package pdftex.def Info: eps_imgs/k4-eps-converted-to.pdf  used on input line 2
48.
(pdftex.def)             Requested size: 48.17986pt x 48.17986pt.
Package epstopdf Info: Source file: <eps_imgs/k5.eps>
(epstopdf)                    date: 2019-03-28 19:19:38
(epstopdf)                    size: 3517 bytes
(epstopdf)             Output file: <eps_imgs/k5-eps-converted-to.pdf>
(epstopdf)                    date: 2019-03-28 21:52:21
(epstopdf)                    size: 2887 bytes
(epstopdf)             Command: <repstopdf --outfile=eps_imgs/k5-eps-converted-
to.pdf eps_imgs/k5.eps>
(epstopdf)             \includegraphics on input line 249.
Package epstopdf Info: Output file is already uptodate.
<eps_imgs/k5-eps-converted-to.pdf, id=361, 84.315pt x 81.30376pt>
File: eps_imgs/k5-eps-converted-to.pdf Graphic file (type pdf)
<use eps_imgs/k5-eps-converted-to.pdf>
Package pdftex.def Info: eps_imgs/k5-eps-converted-to.pdf  used on input line 2
49.
(pdftex.def)             Requested size: 84.31477pt x 81.30354pt.
Package epstopdf Info: Source file: <eps_imgs/graph10.eps>
(epstopdf)                    date: 2019-03-28 19:19:38
(epstopdf)                    size: 13112 bytes
(epstopdf)             Output file: <eps_imgs/graph10-eps-converted-to.pdf>
(epstopdf)                    date: 2019-03-28 19:31:41
(epstopdf)                    size: 4940 bytes
(epstopdf)             Command: <repstopdf --outfile=eps_imgs/graph10-eps-conve
rted-to.pdf eps_imgs/graph10.eps>
(epstopdf)             \includegraphics on input line 263.
Package epstopdf Info: Output file is already uptodate.
<eps_imgs/graph10-eps-converted-to.pdf, id=362, 102.3825pt x 81.30376pt>
File: eps_imgs/graph10-eps-converted-to.pdf Graphic file (type pdf)
<use eps_imgs/graph10-eps-converted-to.pdf>
Package pdftex.def Info: eps_imgs/graph10-eps-converted-to.pdf  used on input l
ine 263.
(pdftex.def)             Requested size: 102.38225pt x 81.30354pt.


LaTeX Warning: `!h' float specifier changed to `!ht'.

Package epstopdf Info: Source file: <eps_imgs/graph11.eps>
(epstopdf)                    date: 2019-03-28 19:19:38
(epstopdf)                    size: 13383 bytes
(epstopdf)             Output file: <eps_imgs/graph11-eps-converted-to.pdf>
(epstopdf)                    date: 2019-03-28 19:31:41
(epstopdf)                    size: 4950 bytes
(epstopdf)             Command: <repstopdf --outfile=eps_imgs/graph11-eps-conve
rted-to.pdf eps_imgs/graph11.eps>
(epstopdf)             \includegraphics on input line 276.
Package epstopdf Info: Output file is already uptodate.
<eps_imgs/graph11-eps-converted-to.pdf, id=363, 81.30376pt x 61.22874pt>
File: eps_imgs/graph11-eps-converted-to.pdf Graphic file (type pdf)
<use eps_imgs/graph11-eps-converted-to.pdf>
Package pdftex.def Info: eps_imgs/graph11-eps-converted-to.pdf  used on input l
ine 276.
(pdftex.def)             Requested size: 81.30354pt x 61.22858pt.

LaTeX Warning: `!h' float specifier changed to `!ht'.

Package epstopdf Info: Source file: <eps_imgs/graph12.eps>
(epstopdf)                    date: 2019-03-28 19:19:38
(epstopdf)                    size: 29034 bytes
(epstopdf)             Output file: <eps_imgs/graph12-eps-converted-to.pdf>
(epstopdf)                    date: 2019-03-28 19:31:41
(epstopdf)                    size: 7454 bytes
(epstopdf)             Command: <repstopdf --outfile=eps_imgs/graph12-eps-conve
rted-to.pdf eps_imgs/graph12.eps>
(epstopdf)             \includegraphics on input line 291.
Package epstopdf Info: Output file is already uptodate.
<eps_imgs/graph12-eps-converted-to.pdf, id=364, 187.70125pt x 63.23625pt>
File: eps_imgs/graph12-eps-converted-to.pdf Graphic file (type pdf)
<use eps_imgs/graph12-eps-converted-to.pdf>
Package pdftex.def Info: eps_imgs/graph12-eps-converted-to.pdf  used on input l
ine 291.
(pdftex.def)             Requested size: 187.70079pt x 63.23608pt.
[69 <./eps_imgs/p4-eps-converted-to.pdf> <./eps_imgs/p6-eps-converted-to.pdf> <
./eps_imgs/c6-eps-converted-to.pdf> <./eps_imgs/k1-eps-converted-to.pdf> <./eps
_imgs/k2-eps-converted-to.pdf> <./eps_imgs/k3-eps-converted-to.pdf> <./eps_imgs
/k4-eps-converted-to.pdf> <./eps_imgs/k5-eps-converted-to.pdf>]
Package epstopdf Info: Source file: <eps_imgs/k2-3.eps>
(epstopdf)                    date: 2019-03-28 19:19:38
(epstopdf)                    size: 25921 bytes
(epstopdf)             Output file: <eps_imgs/k2-3-eps-converted-to.pdf>
(epstopdf)                    date: 2019-03-28 19:31:42
(epstopdf)                    size: 2743 bytes
(epstopdf)             Command: <repstopdf --outfile=eps_imgs/k2-3-eps-converte
d-to.pdf eps_imgs/k2-3.eps>
(epstopdf)             \includegraphics on input line 305.
Package epstopdf Info: Output file is already uptodate.
<eps_imgs/k2-3-eps-converted-to.pdf, id=384, 72.27pt x 48.18pt>
File: eps_imgs/k2-3-eps-converted-to.pdf Graphic file (type pdf)
<use eps_imgs/k2-3-eps-converted-to.pdf>
Package pdftex.def Info: eps_imgs/k2-3-eps-converted-to.pdf  used on input line
 305.
(pdftex.def)             Requested size: 72.2698pt x 48.17986pt.
 [70 <./eps_imgs/graph10-eps-converted-to.pdf> <./eps_imgs/graph11-eps-converte
d-to.pdf> <./eps_imgs/graph12-eps-converted-to.pdf> <./eps_imgs/k2-3-eps-conver
ted-to.pdf>]
Package epstopdf Info: Source file: <eps_imgs/p4-2.eps>
(epstopdf)                    date: 2019-03-28 19:19:38
(epstopdf)                    size: 2593 bytes
(epstopdf)             Output file: <eps_imgs/p4-2-eps-converted-to.pdf>
(epstopdf)                    date: 2019-03-28 19:31:42
(epstopdf)                    size: 2668 bytes
(epstopdf)             Command: <repstopdf --outfile=eps_imgs/p4-2-eps-converte
d-to.pdf eps_imgs/p4-2.eps>
(epstopdf)             \includegraphics on input line 359.
Package epstopdf Info: Output file is already uptodate.
<eps_imgs/p4-2-eps-converted-to.pdf, id=406, 48.18pt x 48.18pt>
File: eps_imgs/p4-2-eps-converted-to.pdf Graphic file (type pdf)
<use eps_imgs/p4-2-eps-converted-to.pdf>
Package pdftex.def Info: eps_imgs/p4-2-eps-converted-to.pdf  used on input line
 359.
(pdftex.def)             Requested size: 48.17986pt x 48.17986pt.
Package epstopdf Info: Source file: <eps_imgs/p4-2c.eps>
(epstopdf)                    date: 2019-03-28 19:19:38
(epstopdf)                    size: 2592 bytes
(epstopdf)             Output file: <eps_imgs/p4-2c-eps-converted-to.pdf>
(epstopdf)                    date: 2019-03-28 21:55:35
(epstopdf)                    size: 2670 bytes
(epstopdf)             Command: <repstopdf --outfile=eps_imgs/p4-2c-eps-convert
ed-to.pdf eps_imgs/p4-2c.eps>
(epstopdf)             \includegraphics on input line 359.
Package epstopdf Info: Output file is already uptodate.
<eps_imgs/p4-2c-eps-converted-to.pdf, id=407, 48.18pt x 48.18pt>
File: eps_imgs/p4-2c-eps-converted-to.pdf Graphic file (type pdf)
<use eps_imgs/p4-2c-eps-converted-to.pdf>
Package pdftex.def Info: eps_imgs/p4-2c-eps-converted-to.pdf  used on input lin
e 359.
(pdftex.def)             Requested size: 48.17986pt x 48.17986pt.
Package epstopdf Info: Source file: <eps_imgs/p5.eps>
(epstopdf)                    date: 2019-03-28 19:19:38
(epstopdf)                    size: 3312 bytes
(epstopdf)             Output file: <eps_imgs/p5-eps-converted-to.pdf>
(epstopdf)                    date: 2019-03-28 19:31:42
(epstopdf)                    size: 2872 bytes
(epstopdf)             Command: <repstopdf --outfile=eps_imgs/p5-eps-converted-
to.pdf eps_imgs/p5.eps>
(epstopdf)             \includegraphics on input line 362.
Package epstopdf Info: Output file is already uptodate.
<eps_imgs/p5-eps-converted-to.pdf, id=408, 84.315pt x 81.30376pt>
File: eps_imgs/p5-eps-converted-to.pdf Graphic file (type pdf)
<use eps_imgs/p5-eps-converted-to.pdf>
Package pdftex.def Info: eps_imgs/p5-eps-converted-to.pdf  used on input line 3
62.
(pdftex.def)             Requested size: 84.31477pt x 81.30354pt.
Package epstopdf Info: Source file: <eps_imgs/p5c.eps>
(epstopdf)                    date: 2019-03-28 19:19:38
(epstopdf)                    size: 3198 bytes
(epstopdf)             Output file: <eps_imgs/p5c-eps-converted-to.pdf>
(epstopdf)                    date: 2019-03-28 21:55:35
(epstopdf)                    size: 2898 bytes
(epstopdf)             Command: <repstopdf --outfile=eps_imgs/p5c-eps-converted
-to.pdf eps_imgs/p5c.eps>
(epstopdf)             \includegraphics on input line 362.
Package epstopdf Info: Output file is already uptodate.
<eps_imgs/p5c-eps-converted-to.pdf, id=409, 82.3075pt x 80.3pt>
File: eps_imgs/p5c-eps-converted-to.pdf Graphic file (type pdf)
<use eps_imgs/p5c-eps-converted-to.pdf>
Package pdftex.def Info: eps_imgs/p5c-eps-converted-to.pdf  used on input line 
362.
(pdftex.def)             Requested size: 82.30728pt x 80.29979pt.
Package epstopdf Info: Source file: <eps_imgs/k4.eps>
(epstopdf)                    date: 2019-03-28 19:19:38
(epstopdf)                    size: 13117 bytes
(epstopdf)             Output file: <eps_imgs/k4-eps-converted-to.pdf>
(epstopdf)                    date: 2019-03-28 19:31:42
(epstopdf)                    size: 2675 bytes
(epstopdf)             Command: <repstopdf --outfile=eps_imgs/k4-eps-converted-
to.pdf eps_imgs/k4.eps>
(epstopdf)             \includegraphics on input line 365.
Package epstopdf Info: Output file is already uptodate.
File: eps_imgs/k4-eps-converted-to.pdf Graphic file (type pdf)
<use eps_imgs/k4-eps-converted-to.pdf>
Package pdftex.def Info: eps_imgs/k4-eps-converted-to.pdf  used on input line 3
65.
(pdftex.def)             Requested size: 48.17986pt x 48.17986pt.
Package epstopdf Info: Source file: <eps_imgs/k4c.eps>
(epstopdf)                    date: 2019-03-28 19:19:38
(epstopdf)                    size: 2514 bytes
(epstopdf)             Output file: <eps_imgs/k4c-eps-converted-to.pdf>
(epstopdf)                    date: 2019-03-28 21:55:36
(epstopdf)                    size: 2657 bytes
(epstopdf)             Command: <repstopdf --outfile=eps_imgs/k4c-eps-converted
-to.pdf eps_imgs/k4c.eps>
(epstopdf)             \includegraphics on input line 365.
Package epstopdf Info: Output file is already uptodate.
<eps_imgs/k4c-eps-converted-to.pdf, id=410, 48.18pt x 48.18pt>
File: eps_imgs/k4c-eps-converted-to.pdf Graphic file (type pdf)
<use eps_imgs/k4c-eps-converted-to.pdf>
Package pdftex.def Info: eps_imgs/k4c-eps-converted-to.pdf  used on input line 
365.
(pdftex.def)             Requested size: 48.17986pt x 48.17986pt.


LaTeX Warning: `!h' float specifier changed to `!ht'.

Package epstopdf Info: Source file: <eps_imgs/graph13.eps>
(epstopdf)                    date: 2019-03-28 19:19:38
(epstopdf)                    size: 17825 bytes
(epstopdf)             Output file: <eps_imgs/graph13-eps-converted-to.pdf>
(epstopdf)                    date: 2019-03-28 19:31:42
(epstopdf)                    size: 5460 bytes
(epstopdf)             Command: <repstopdf --outfile=eps_imgs/graph13-eps-conve
rted-to.pdf eps_imgs/graph13.eps>
(epstopdf)             \includegraphics on input line 384.
Package epstopdf Info: Output file is already uptodate.
<eps_imgs/graph13-eps-converted-to.pdf, id=411, 102.3825pt x 87.32625pt>
File: eps_imgs/graph13-eps-converted-to.pdf Graphic file (type pdf)
<use eps_imgs/graph13-eps-converted-to.pdf>
Package pdftex.def Info: eps_imgs/graph13-eps-converted-to.pdf  used on input l
ine 384.
(pdftex.def)             Requested size: 102.38225pt x 87.32603pt.
Package epstopdf Info: Source file: <eps_imgs/graph14.eps>
(epstopdf)                    date: 2019-03-28 19:19:38
(epstopdf)                    size: 17911 bytes
(epstopdf)             Output file: <eps_imgs/graph14-eps-converted-to.pdf>
(epstopdf)                    date: 2019-03-28 21:56:20
(epstopdf)                    size: 5463 bytes
(epstopdf)             Command: <repstopdf --outfile=eps_imgs/graph14-eps-conve
rted-to.pdf eps_imgs/graph14.eps>
(epstopdf)             \includegraphics on input line 384.
Package epstopdf Info: Output file is already uptodate.
<eps_imgs/graph14-eps-converted-to.pdf, id=412, 102.3825pt x 87.32625pt>
File: eps_imgs/graph14-eps-converted-to.pdf Graphic file (type pdf)
<use eps_imgs/graph14-eps-converted-to.pdf>
Package pdftex.def Info: eps_imgs/graph14-eps-converted-to.pdf  used on input l
ine 384.
(pdftex.def)             Requested size: 102.38225pt x 87.32603pt.

LaTeX Warning: `!h' float specifier changed to `!ht'.

Package epstopdf Info: Source file: <eps_imgs/graph15.eps>
(epstopdf)                    date: 2019-03-28 19:19:38
(epstopdf)                    size: 41532 bytes
(epstopdf)             Output file: <eps_imgs/graph15-eps-converted-to.pdf>
(epstopdf)                    date: 2019-03-28 21:56:20
(epstopdf)                    size: 9972 bytes
(epstopdf)             Command: <repstopdf --outfile=eps_imgs/graph15-eps-conve
rted-to.pdf eps_imgs/graph15.eps>
(epstopdf)             \includegraphics on input line 401.
Package epstopdf Info: Output file is already uptodate.
<eps_imgs/graph15-eps-converted-to.pdf, id=413, 330.23375pt x 94.3525pt>
File: eps_imgs/graph15-eps-converted-to.pdf Graphic file (type pdf)
<use eps_imgs/graph15-eps-converted-to.pdf>
Package pdftex.def Info: eps_imgs/graph15-eps-converted-to.pdf  used on input l
ine 401.
(pdftex.def)             Requested size: 330.23293pt x 94.35225pt.
[71]

LaTeX Warning: `!h' float specifier changed to `!ht'.

[72 <./eps_imgs/p4-2-eps-converted-to.pdf> <./eps_imgs/p4-2c-eps-converted-to.p
df> <./eps_imgs/p5-eps-converted-to.pdf> <./eps_imgs/p5c-eps-converted-to.pdf> 
<./eps_imgs/k4c-eps-converted-to.pdf> <./eps_imgs/graph13-eps-converted-to.pdf>
 <./eps_imgs/graph14-eps-converted-to.pdf>] [73 <./eps_imgs/graph15-eps-convert
ed-to.pdf>]
Package epstopdf Info: Source file: <eps_imgs/graph16.eps>
(epstopdf)                    date: 2019-03-28 19:19:38
(epstopdf)                    size: 20041 bytes
(epstopdf)             Output file: <eps_imgs/graph16-eps-converted-to.pdf>
(epstopdf)                    date: 2019-03-28 19:31:42
(epstopdf)                    size: 6179 bytes
(epstopdf)             Command: <repstopdf --outfile=eps_imgs/graph16-eps-conve
rted-to.pdf eps_imgs/graph16.eps>
(epstopdf)             \includegraphics on input line 518.
Package epstopdf Info: Output file is already uptodate.
<eps_imgs/graph16-eps-converted-to.pdf, id=462, 123.46124pt x 88.33pt>
File: eps_imgs/graph16-eps-converted-to.pdf Graphic file (type pdf)
<use eps_imgs/graph16-eps-converted-to.pdf>
Package pdftex.def Info: eps_imgs/graph16-eps-converted-to.pdf  used on input l
ine 518.
(pdftex.def)             Requested size: 123.46092pt x 88.32977pt.
 [74 <./eps_imgs/graph16-eps-converted-to.pdf>] [75]) (./caminos.tex [76]
Package epstopdf Info: Source file: <eps_imgs/graph16.eps>
(epstopdf)                    date: 2019-03-28 19:19:38
(epstopdf)                    size: 20041 bytes
(epstopdf)             Output file: <eps_imgs/graph16-eps-converted-to.pdf>
(epstopdf)                    date: 2019-03-28 19:31:42
(epstopdf)                    size: 6179 bytes
(epstopdf)             Command: <repstopdf --outfile=eps_imgs/graph16-eps-conve
rted-to.pdf eps_imgs/graph16.eps>
(epstopdf)             \includegraphics on input line 25.
Package epstopdf Info: Output file is already uptodate.
File: eps_imgs/graph16-eps-converted-to.pdf Graphic file (type pdf)
<use eps_imgs/graph16-eps-converted-to.pdf>
Package pdftex.def Info: eps_imgs/graph16-eps-converted-to.pdf  used on input l
ine 25.
(pdftex.def)             Requested size: 123.46092pt x 88.32977pt.
Package epstopdf Info: Source file: <eps_imgs/graph17.eps>
(epstopdf)                    date: 2019-03-28 19:19:38
(epstopdf)                    size: 17761 bytes
(epstopdf)             Output file: <eps_imgs/graph17-eps-converted-to.pdf>
(epstopdf)                    date: 2019-03-28 19:31:43
(epstopdf)                    size: 5459 bytes
(epstopdf)             Command: <repstopdf --outfile=eps_imgs/graph17-eps-conve
rted-to.pdf eps_imgs/graph17.eps>
(epstopdf)             \includegraphics on input line 42.
Package epstopdf Info: Output file is already uptodate.
<eps_imgs/graph17-eps-converted-to.pdf, id=479, 177.66376pt x 114.4275pt>
File: eps_imgs/graph17-eps-converted-to.pdf Graphic file (type pdf)
<use eps_imgs/graph17-eps-converted-to.pdf>
Package pdftex.def Info: eps_imgs/graph17-eps-converted-to.pdf  used on input l
ine 42.
(pdftex.def)             Requested size: 177.66331pt x 114.42722pt.
 [77 <./eps_imgs/graph17-eps-converted-to.pdf>]
Package epstopdf Info: Source file: <eps_imgs/graph18.eps>
(epstopdf)                    date: 2019-03-28 19:19:38
(epstopdf)                    size: 20964 bytes
(epstopdf)             Output file: <eps_imgs/graph18-eps-converted-to.pdf>
(epstopdf)                    date: 2019-03-28 19:31:43
(epstopdf)                    size: 6106 bytes
(epstopdf)             Command: <repstopdf --outfile=eps_imgs/graph18-eps-conve
rted-to.pdf eps_imgs/graph18.eps>
(epstopdf)             \includegraphics on input line 76.
Package epstopdf Info: Output file is already uptodate.
<eps_imgs/graph18-eps-converted-to.pdf, id=489, 110.4125pt x 62.2325pt>
File: eps_imgs/graph18-eps-converted-to.pdf Graphic file (type pdf)
<use eps_imgs/graph18-eps-converted-to.pdf>
Package pdftex.def Info: eps_imgs/graph18-eps-converted-to.pdf  used on input l
ine 76.
(pdftex.def)             Requested size: 110.41222pt x 62.23235pt.
Package epstopdf Info: Source file: <eps_imgs/graph19.eps>
(epstopdf)                    date: 2019-03-28 19:19:38
(epstopdf)                    size: 21130 bytes
(epstopdf)             Output file: <eps_imgs/graph19-eps-converted-to.pdf>
(epstopdf)                    date: 2019-03-28 21:57:00
(epstopdf)                    size: 6163 bytes
(epstopdf)             Command: <repstopdf --outfile=eps_imgs/graph19-eps-conve
rted-to.pdf eps_imgs/graph19.eps>
(epstopdf)             \includegraphics on input line 76.
Package epstopdf Info: Output file is already uptodate.
<eps_imgs/graph19-eps-converted-to.pdf, id=490, 110.4125pt x 62.2325pt>
File: eps_imgs/graph19-eps-converted-to.pdf Graphic file (type pdf)
<use eps_imgs/graph19-eps-converted-to.pdf>
Package pdftex.def Info: eps_imgs/graph19-eps-converted-to.pdf  used on input l
ine 76.
(pdftex.def)             Requested size: 110.41222pt x 62.23235pt.
Package epstopdf Info: Source file: <eps_imgs/graph20.eps>
(epstopdf)                    date: 2019-03-28 19:19:38
(epstopdf)                    size: 21179 bytes
(epstopdf)             Output file: <eps_imgs/graph20-eps-converted-to.pdf>
(epstopdf)                    date: 2019-03-28 21:57:00
(epstopdf)                    size: 6211 bytes
(epstopdf)             Command: <repstopdf --outfile=eps_imgs/graph20-eps-conve
rted-to.pdf eps_imgs/graph20.eps>
(epstopdf)             \includegraphics on input line 84.
Package epstopdf Info: Output file is already uptodate.
<eps_imgs/graph20-eps-converted-to.pdf, id=491, 198.7425pt x 62.2325pt>
File: eps_imgs/graph20-eps-converted-to.pdf Graphic file (type pdf)
<use eps_imgs/graph20-eps-converted-to.pdf>
Package pdftex.def Info: eps_imgs/graph20-eps-converted-to.pdf  used on input l
ine 84.
(pdftex.def)             Requested size: 198.742pt x 62.23235pt.
 [78 <./eps_imgs/graph18-eps-converted-to.pdf> <./eps_imgs/graph19-eps-converte
d-to.pdf> <./eps_imgs/graph20-eps-converted-to.pdf>] [79]
Package epstopdf Info: Source file: <eps_imgs/cut-edge.eps>
(epstopdf)                    date: 2019-03-28 19:19:38
(epstopdf)                    size: 33278 bytes
(epstopdf)             Output file: <eps_imgs/cut-edge-eps-converted-to.pdf>
(epstopdf)                    date: 2019-03-28 19:31:43
(epstopdf)                    size: 9054 bytes
(epstopdf)             Command: <repstopdf --outfile=eps_imgs/cut-edge-eps-conv
erted-to.pdf eps_imgs/cut-edge.eps>
(epstopdf)             \includegraphics on input line 153.
Package epstopdf Info: Output file is already uptodate.
<eps_imgs/cut-edge-eps-converted-to.pdf, id=517, 354.32375pt x 138.5175pt>
File: eps_imgs/cut-edge-eps-converted-to.pdf Graphic file (type pdf)
<use eps_imgs/cut-edge-eps-converted-to.pdf>
Package pdftex.def Info: eps_imgs/cut-edge-eps-converted-to.pdf  used on input 
line 153.
(pdftex.def)             Requested size: 354.32288pt x 138.51715pt.
Package epstopdf Info: Source file: <eps_imgs/odd-walk.eps>
(epstopdf)                    date: 2019-03-28 19:19:38
(epstopdf)                    size: 14367 bytes
(epstopdf)             Output file: <eps_imgs/odd-walk-eps-converted-to.pdf>
(epstopdf)                    date: 2019-03-28 19:31:43
(epstopdf)                    size: 5170 bytes
(epstopdf)             Command: <repstopdf --outfile=eps_imgs/odd-walk-eps-conv
erted-to.pdf eps_imgs/odd-walk.eps>
(epstopdf)             \includegraphics on input line 180.
Package epstopdf Info: Output file is already uptodate.
<eps_imgs/odd-walk-eps-converted-to.pdf, id=518, 138.5175pt x 86.3225pt>
File: eps_imgs/odd-walk-eps-converted-to.pdf Graphic file (type pdf)
<use eps_imgs/odd-walk-eps-converted-to.pdf>
Package pdftex.def Info: eps_imgs/odd-walk-eps-converted-to.pdf  used on input 
line 180.
(pdftex.def)             Requested size: 138.51715pt x 86.32227pt.


LaTeX Warning: `!h' float specifier changed to `!ht'.

[80 <./eps_imgs/cut-edge-eps-converted-to.pdf>]
Overfull \hbox (3.4604pt too wide) in paragraph at lines 194--199
[]\OT1/cmr/m/it/10 Demostraci^^Son: $\OT1/cmr/m/n/10 (\OMS/cmsy/m/n/10 )\OT1/cm
r/m/n/10 )$ Su-pon-ga-mos que $\OML/cmm/m/it/10 G$ \OT1/cmr/m/n/10 con-tie-ne u
n ci-clo de lar-go im-par, di-ga-mos $\OML/cmm/m/it/10 C \OT1/cmr/m/n/10 = (\OM
L/cmm/m/it/10 v[]; v[]; [] ; v[]; v[]; v[]\OT1/cmr/m/n/10 )$,
 []

[81 <./eps_imgs/odd-walk-eps-converted-to.pdf>]
Package epstopdf Info: Source file: <eps_imgs/graph21.eps>
(epstopdf)                    date: 2019-03-28 19:19:38
(epstopdf)                    size: 21081 bytes
(epstopdf)             Output file: <eps_imgs/graph21-eps-converted-to.pdf>
(epstopdf)                    date: 2019-03-28 19:31:43
(epstopdf)                    size: 6114 bytes
(epstopdf)             Command: <repstopdf --outfile=eps_imgs/graph21-eps-conve
rted-to.pdf eps_imgs/graph21.eps>
(epstopdf)             \includegraphics on input line 234.
Package epstopdf Info: Output file is already uptodate.
<eps_imgs/graph21-eps-converted-to.pdf, id=542, 110.4125pt x 62.2325pt>
File: eps_imgs/graph21-eps-converted-to.pdf Graphic file (type pdf)
<use eps_imgs/graph21-eps-converted-to.pdf>
Package pdftex.def Info: eps_imgs/graph21-eps-converted-to.pdf  used on input l
ine 234.
(pdftex.def)             Requested size: 110.41222pt x 62.23235pt.
Package epstopdf Info: Source file: <eps_imgs/graph22.eps>
(epstopdf)                    date: 2019-03-28 19:19:38
(epstopdf)                    size: 10226 bytes
(epstopdf)             Output file: <eps_imgs/graph22-eps-converted-to.pdf>
(epstopdf)                    date: 2019-03-28 19:31:43
(epstopdf)                    size: 4051 bytes
(epstopdf)             Command: <repstopdf --outfile=eps_imgs/graph22-eps-conve
rted-to.pdf eps_imgs/graph22.eps>
(epstopdf)             \includegraphics on input line 249.
Package epstopdf Info: Output file is already uptodate.
<eps_imgs/graph22-eps-converted-to.pdf, id=543, 313.17pt x 16.06pt>
File: eps_imgs/graph22-eps-converted-to.pdf Graphic file (type pdf)
<use eps_imgs/graph22-eps-converted-to.pdf>
Package pdftex.def Info: eps_imgs/graph22-eps-converted-to.pdf  used on input l
ine 249.
(pdftex.def)             Requested size: 313.16922pt x 16.05995pt.
Package epstopdf Info: Source file: <eps_imgs/bi-euler.eps>
(epstopdf)                    date: 2019-03-28 19:19:38
(epstopdf)                    size: 15193 bytes
(epstopdf)             Output file: <eps_imgs/bi-euler-eps-converted-to.pdf>
(epstopdf)                    date: 2019-03-28 19:31:44
(epstopdf)                    size: 4761 bytes
(epstopdf)             Command: <repstopdf --outfile=eps_imgs/bi-euler-eps-conv
erted-to.pdf eps_imgs/bi-euler.eps>
(epstopdf)             \includegraphics on input line 268.
Package epstopdf Info: Output file is already uptodate.
<eps_imgs/bi-euler-eps-converted-to.pdf, id=544, 108.405pt x 60.225pt>
File: eps_imgs/bi-euler-eps-converted-to.pdf Graphic file (type pdf)
<use eps_imgs/bi-euler-eps-converted-to.pdf>
Package pdftex.def Info: eps_imgs/bi-euler-eps-converted-to.pdf  used on input 
line 268.
(pdftex.def)             Requested size: 108.40472pt x 60.22484pt.


LaTeX Warning: `!h' float specifier changed to `!ht'.

Package epstopdf Info: Source file: <eps_imgs/ti-euler1.eps>
(epstopdf)                    date: 2019-03-28 19:19:38
(epstopdf)                    size: 21343 bytes
(epstopdf)             Output file: <eps_imgs/ti-euler1-eps-converted-to.pdf>
(epstopdf)                    date: 2019-03-28 19:31:44
(epstopdf)                    size: 6932 bytes
(epstopdf)             Command: <repstopdf --outfile=eps_imgs/ti-euler1-eps-con
verted-to.pdf eps_imgs/ti-euler1.eps>
(epstopdf)             \includegraphics on input line 281.
Package epstopdf Info: Output file is already uptodate.
<eps_imgs/ti-euler1-eps-converted-to.pdf, id=545, 241.90375pt x 144.54pt>
File: eps_imgs/ti-euler1-eps-converted-to.pdf Graphic file (type pdf)
<use eps_imgs/ti-euler1-eps-converted-to.pdf>
Package pdftex.def Info: eps_imgs/ti-euler1-eps-converted-to.pdf  used on input
 line 281.
(pdftex.def)             Requested size: 241.90315pt x 144.53963pt.
[82 <./eps_imgs/graph21-eps-converted-to.pdf> <./eps_imgs/graph22-eps-converted
-to.pdf>]
Package epstopdf Info: Source file: <eps_imgs/ti-euler2.eps>
(epstopdf)                    date: 2019-03-28 19:19:38
(epstopdf)                    size: 25845 bytes
(epstopdf)             Output file: <eps_imgs/ti-euler2-eps-converted-to.pdf>
(epstopdf)                    date: 2019-03-28 19:31:44
(epstopdf)                    size: 8033 bytes
(epstopdf)             Command: <repstopdf --outfile=eps_imgs/ti-euler2-eps-con
verted-to.pdf eps_imgs/ti-euler2.eps>
(epstopdf)             \includegraphics on input line 290.
Package epstopdf Info: Output file is already uptodate.
<eps_imgs/ti-euler2-eps-converted-to.pdf, id=559, 244.915pt x 144.54pt>
File: eps_imgs/ti-euler2-eps-converted-to.pdf Graphic file (type pdf)
<use eps_imgs/ti-euler2-eps-converted-to.pdf>
Package pdftex.def Info: eps_imgs/ti-euler2-eps-converted-to.pdf  used on input
 line 290.
(pdftex.def)             Requested size: 244.91438pt x 144.53963pt.
Package epstopdf Info: Source file: <eps_imgs/ti-euler3.eps>
(epstopdf)                    date: 2019-03-28 19:19:38
(epstopdf)                    size: 58149 bytes
(epstopdf)             Output file: <eps_imgs/ti-euler3-eps-converted-to.pdf>
(epstopdf)                    date: 2019-03-28 21:57:34
(epstopdf)                    size: 14996 bytes
(epstopdf)             Command: <repstopdf --outfile=eps_imgs/ti-euler3-eps-con
verted-to.pdf eps_imgs/ti-euler3.eps>
(epstopdf)             \includegraphics on input line 304.
Package epstopdf Info: Output file is already uptodate.
<eps_imgs/ti-euler3-eps-converted-to.pdf, id=560, 516.93124pt x 144.54pt>
File: eps_imgs/ti-euler3-eps-converted-to.pdf Graphic file (type pdf)
<use eps_imgs/ti-euler3-eps-converted-to.pdf>
Package pdftex.def Info: eps_imgs/ti-euler3-eps-converted-to.pdf  used on input
 line 304.
(pdftex.def)             Requested size: 469.75502pt x 131.35294pt.
 [83 <./eps_imgs/bi-euler-eps-converted-to.pdf> <./eps_imgs/ti-euler1-eps-conve
rted-to.pdf> <./eps_imgs/ti-euler2-eps-converted-to.pdf>]
Package epstopdf Info: Source file: <eps_imgs/ti-euler4.eps>
(epstopdf)                    date: 2019-03-28 19:19:38
(epstopdf)                    size: 63068 bytes
(epstopdf)             Output file: <eps_imgs/ti-euler4-eps-converted-to.pdf>
(epstopdf)                    date: 2019-03-28 21:57:56
(epstopdf)                    size: 16311 bytes
(epstopdf)             Command: <repstopdf --outfile=eps_imgs/ti-euler4-eps-con
verted-to.pdf eps_imgs/ti-euler4.eps>
(epstopdf)             \includegraphics on input line 318.
Package epstopdf Info: Output file is already uptodate.
<eps_imgs/ti-euler4-eps-converted-to.pdf, id=585, 513.92pt x 161.60374pt>
File: eps_imgs/ti-euler4-eps-converted-to.pdf Graphic file (type pdf)
<use eps_imgs/ti-euler4-eps-converted-to.pdf>
Package pdftex.def Info: eps_imgs/ti-euler4-eps-converted-to.pdf  used on input
 line 318.
(pdftex.def)             Requested size: 469.75502pt x 147.71802pt.
 [84 <./eps_imgs/ti-euler3-eps-converted-to.pdf> <./eps_imgs/ti-euler4-eps-conv
erted-to.pdf>]
Package epstopdf Info: Source file: <eps_imgs/graph23.eps>
(epstopdf)                    date: 2019-03-28 19:19:38
(epstopdf)                    size: 16870 bytes
(epstopdf)             Output file: <eps_imgs/graph23-eps-converted-to.pdf>
(epstopdf)                    date: 2019-03-28 19:31:44
(epstopdf)                    size: 5204 bytes
(epstopdf)             Command: <repstopdf --outfile=eps_imgs/graph23-eps-conve
rted-to.pdf eps_imgs/graph23.eps>
(epstopdf)             \includegraphics on input line 352.
Package epstopdf Info: Output file is already uptodate.
<eps_imgs/graph23-eps-converted-to.pdf, id=621, 129.48375pt x 166.6225pt>
File: eps_imgs/graph23-eps-converted-to.pdf Graphic file (type pdf)
<use eps_imgs/graph23-eps-converted-to.pdf>
Package pdftex.def Info: eps_imgs/graph23-eps-converted-to.pdf  used on input l
ine 352.
(pdftex.def)             Requested size: 129.48341pt x 166.62209pt.
 [85 <./eps_imgs/graph23-eps-converted-to.pdf>]
Package epstopdf Info: Source file: <eps_imgs/graph24.eps>
(epstopdf)                    date: 2019-03-28 19:19:38
(epstopdf)                    size: 23159 bytes
(epstopdf)             Output file: <eps_imgs/graph24-eps-converted-to.pdf>
(epstopdf)                    date: 2019-03-28 19:31:44
(epstopdf)                    size: 6402 bytes
(epstopdf)             Command: <repstopdf --outfile=eps_imgs/graph24-eps-conve
rted-to.pdf eps_imgs/graph24.eps>
(epstopdf)             \includegraphics on input line 384.
Package epstopdf Info: Output file is already uptodate.
<eps_imgs/graph24-eps-converted-to.pdf, id=631, 450.68375pt x 124.465pt>
File: eps_imgs/graph24-eps-converted-to.pdf Graphic file (type pdf)
<use eps_imgs/graph24-eps-converted-to.pdf>
Package pdftex.def Info: eps_imgs/graph24-eps-converted-to.pdf  used on input l
ine 384.
(pdftex.def)             Requested size: 450.68263pt x 124.46469pt.
 [86 <./eps_imgs/graph24-eps-converted-to.pdf>]) [87] (./arboles.tex
Package epstopdf Info: Source file: <eps_imgs/network.eps>
(epstopdf)                    date: 2019-03-28 22:11:24
(epstopdf)                    size: 2591525 bytes
(epstopdf)             Output file: <eps_imgs/network-eps-converted-to.pdf>
(epstopdf)                    date: 2019-03-28 22:11:37
(epstopdf)                    size: 41995 bytes
(epstopdf)             Command: <repstopdf --outfile=eps_imgs/network-eps-conve
rted-to.pdf eps_imgs/network.eps>
(epstopdf)             \includegraphics on input line 11.
Package epstopdf Info: Output file is already uptodate.
<eps_imgs/network-eps-converted-to.pdf, id=644, 529.98pt x 320.19624pt>
File: eps_imgs/network-eps-converted-to.pdf Graphic file (type pdf)
<use eps_imgs/network-eps-converted-to.pdf>
Package pdftex.def Info: eps_imgs/network-eps-converted-to.pdf  used on input l
ine 11.
(pdftex.def)             Requested size: 400.0pt x 241.67094pt.
Package epstopdf Info: Source file: <eps_imgs/tree-network.eps>
(epstopdf)                    date: 2019-03-28 19:19:38
(epstopdf)                    size: 4907663 bytes
(epstopdf)             Output file: <eps_imgs/tree-network-eps-converted-to.pdf
>
(epstopdf)                    date: 2019-03-28 22:04:48
(epstopdf)                    size: 41689 bytes
(epstopdf)             Command: <repstopdf --outfile=eps_imgs/tree-network-eps-
converted-to.pdf eps_imgs/tree-network.eps>
(epstopdf)             \includegraphics on input line 20.
Package epstopdf Info: Output file is already uptodate.
<eps_imgs/tree-network-eps-converted-to.pdf, id=645, 530.98375pt x 321.2pt>
File: eps_imgs/tree-network-eps-converted-to.pdf Graphic file (type pdf)
<use eps_imgs/tree-network-eps-converted-to.pdf>
Package pdftex.def Info: eps_imgs/tree-network-eps-converted-to.pdf  used on in
put line 20.
(pdftex.def)             Requested size: 400.0pt x 241.96785pt.


LaTeX Warning: `!h' float specifier changed to `!ht'.

Package epstopdf Info: Source file: <eps_imgs/graph25.eps>
(epstopdf)                    date: 2019-03-28 19:19:38
(epstopdf)                    size: 21032 bytes
(epstopdf)             Output file: <eps_imgs/graph25-eps-converted-to.pdf>
(epstopdf)                    date: 2019-03-28 22:04:48
(epstopdf)                    size: 6128 bytes
(epstopdf)             Command: <repstopdf --outfile=eps_imgs/graph25-eps-conve
rted-to.pdf eps_imgs/graph25.eps>
(epstopdf)             \includegraphics on input line 38.
Package epstopdf Info: Output file is already uptodate.
<eps_imgs/graph25-eps-converted-to.pdf, id=646, 122.4575pt x 94.3525pt>
File: eps_imgs/graph25-eps-converted-to.pdf Graphic file (type pdf)
<use eps_imgs/graph25-eps-converted-to.pdf>
Package pdftex.def Info: eps_imgs/graph25-eps-converted-to.pdf  used on input l
ine 38.
(pdftex.def)             Requested size: 122.45718pt x 94.35225pt.

LaTeX Warning: `!h' float specifier changed to `!ht'.

[88 <./eps_imgs/network-eps-converted-to.pdf>]
Package epstopdf Info: Source file: <eps_imgs/tree.eps>
(epstopdf)                    date: 2019-03-28 19:19:38
(epstopdf)                    size: 28688 bytes
(epstopdf)             Output file: <eps_imgs/tree-eps-converted-to.pdf>
(epstopdf)                    date: 2019-03-28 22:04:48
(epstopdf)                    size: 12010 bytes
(epstopdf)             Command: <repstopdf --outfile=eps_imgs/tree-eps-converte
d-to.pdf eps_imgs/tree.eps>
(epstopdf)             \includegraphics on input line 57.
Package epstopdf Info: Output file is already uptodate.
<eps_imgs/tree-eps-converted-to.pdf, id=653, 325.215pt x 200.75pt>
File: eps_imgs/tree-eps-converted-to.pdf Graphic file (type pdf)
<use eps_imgs/tree-eps-converted-to.pdf>
Package pdftex.def Info: eps_imgs/tree-eps-converted-to.pdf  used on input line
 57.
(pdftex.def)             Requested size: 325.2142pt x 200.7495pt.


LaTeX Warning: `!h' float specifier changed to `!ht'.

Package epstopdf Info: Source file: <eps_imgs/no-cycle.eps>
(epstopdf)                    date: 2019-03-28 19:19:38
(epstopdf)                    size: 18001 bytes
(epstopdf)             Output file: <eps_imgs/no-cycle-eps-converted-to.pdf>
(epstopdf)                    date: 2019-03-28 22:04:48
(epstopdf)                    size: 5832 bytes
(epstopdf)             Command: <repstopdf --outfile=eps_imgs/no-cycle-eps-conv
erted-to.pdf eps_imgs/no-cycle.eps>
(epstopdf)             \includegraphics on input line 76.
Package epstopdf Info: Output file is already uptodate.
<eps_imgs/no-cycle-eps-converted-to.pdf, id=654, 125.46875pt x 72.27pt>
File: eps_imgs/no-cycle-eps-converted-to.pdf Graphic file (type pdf)
<use eps_imgs/no-cycle-eps-converted-to.pdf>
Package pdftex.def Info: eps_imgs/no-cycle-eps-converted-to.pdf  used on input 
line 76.
(pdftex.def)             Requested size: 125.46843pt x 72.2698pt.
[89 <./eps_imgs/tree-network-eps-converted-to.pdf> <./eps_imgs/graph25-eps-conv
erted-to.pdf>]
Package epstopdf Info: Source file: <eps_imgs/no-two-paths.eps>
(epstopdf)                    date: 2019-03-28 19:19:38
(epstopdf)                    size: 20300 bytes
(epstopdf)             Output file: <eps_imgs/no-two-paths-eps-converted-to.pdf
>
(epstopdf)                    date: 2019-03-28 22:04:48
(epstopdf)                    size: 6247 bytes
(epstopdf)             Command: <repstopdf --outfile=eps_imgs/no-two-paths-eps-
converted-to.pdf eps_imgs/no-two-paths.eps>
(epstopdf)             \includegraphics on input line 90.
Package epstopdf Info: Output file is already uptodate.
<eps_imgs/no-two-paths-eps-converted-to.pdf, id=667, 194.7275pt x 89.33376pt>
File: eps_imgs/no-two-paths-eps-converted-to.pdf Graphic file (type pdf)
<use eps_imgs/no-two-paths-eps-converted-to.pdf>
Package pdftex.def Info: eps_imgs/no-two-paths-eps-converted-to.pdf  used on in
put line 90.
(pdftex.def)             Requested size: 194.727pt x 89.33353pt.


LaTeX Warning: `!h' float specifier changed to `!ht'.

[90 <./eps_imgs/tree-eps-converted-to.pdf> <./eps_imgs/no-cycle-eps-converted-t
o.pdf>] [91 <./eps_imgs/no-two-paths-eps-converted-to.pdf>]
Package epstopdf Info: Source file: <eps_imgs/tree-concepts.eps>
(epstopdf)                    date: 2019-03-28 19:19:38
(epstopdf)                    size: 35679 bytes
(epstopdf)             Output file: <eps_imgs/tree-concepts-eps-converted-to.pd
f>
(epstopdf)                    date: 2019-03-28 22:04:49
(epstopdf)                    size: 9984 bytes
(epstopdf)             Command: <repstopdf --outfile=eps_imgs/tree-concepts-eps
-converted-to.pdf eps_imgs/tree-concepts.eps>
(epstopdf)             \includegraphics on input line 187.
Package epstopdf Info: Output file is already uptodate.
<eps_imgs/tree-concepts-eps-converted-to.pdf, id=689, 277.035pt x 137.51375pt>
File: eps_imgs/tree-concepts-eps-converted-to.pdf Graphic file (type pdf)
<use eps_imgs/tree-concepts-eps-converted-to.pdf>
Package pdftex.def Info: eps_imgs/tree-concepts-eps-converted-to.pdf  used on i
nput line 187.
(pdftex.def)             Requested size: 342.51376pt x 170.0pt.


LaTeX Warning: `!h' float specifier changed to `!ht'.

[92] [93 <./eps_imgs/tree-concepts-eps-converted-to.pdf>] [94]
Package epstopdf Info: Source file: <eps_imgs/graph26.eps>
(epstopdf)                    date: 2019-03-28 19:19:38
(epstopdf)                    size: 24143 bytes
(epstopdf)             Output file: <eps_imgs/graph26-eps-converted-to.pdf>
(epstopdf)                    date: 2019-03-28 22:06:39
(epstopdf)                    size: 6977 bytes
(epstopdf)             Command: <repstopdf --outfile=eps_imgs/graph26-eps-conve
rted-to.pdf eps_imgs/graph26.eps>
(epstopdf)             \includegraphics on input line 312.
Package epstopdf Info: Output file is already uptodate.
<eps_imgs/graph26-eps-converted-to.pdf, id=711, 129.48375pt x 102.3825pt>
File: eps_imgs/graph26-eps-converted-to.pdf Graphic file (type pdf)
<use eps_imgs/graph26-eps-converted-to.pdf>
Package pdftex.def Info: eps_imgs/graph26-eps-converted-to.pdf  used on input l
ine 312.
(pdftex.def)             Requested size: 129.48341pt x 102.38225pt.
 [95]) [96 <./eps_imgs/graph26-eps-converted-to.pdf>] (./topicos.tex) [97]
Cap\'{\i }tulo 3.
[98

] (./algoritmos.tex [99] [100] [101] [102] [103] [104]
Package epstopdf Info: Source file: <eps_imgs/O.eps>
(epstopdf)                    date: 2019-03-28 19:19:38
(epstopdf)                    size: 43766 bytes
(epstopdf)             Output file: <eps_imgs/O-eps-converted-to.pdf>
(epstopdf)                    date: 2019-03-28 22:04:22
(epstopdf)                    size: 10342 bytes
(epstopdf)             Command: <repstopdf --outfile=eps_imgs/O-eps-converted-t
o.pdf eps_imgs/O.eps>
(epstopdf)             \includegraphics on input line 339.
Package epstopdf Info: Output file is already uptodate.
<eps_imgs/O-eps-converted-to.pdf, id=753, 149.55875pt x 120.45pt>
File: eps_imgs/O-eps-converted-to.pdf Graphic file (type pdf)
<use eps_imgs/O-eps-converted-to.pdf>
Package pdftex.def Info: eps_imgs/O-eps-converted-to.pdf  used on input line 33
9.
(pdftex.def)             Requested size: 149.55838pt x 120.44969pt.
Package epstopdf Info: Source file: <eps_imgs/Omega.eps>
(epstopdf)                    date: 2019-03-28 19:19:38
(epstopdf)                    size: 42459 bytes
(epstopdf)             Output file: <eps_imgs/Omega-eps-converted-to.pdf>
(epstopdf)                    date: 2019-03-28 22:04:23
(epstopdf)                    size: 9962 bytes
(epstopdf)             Command: <repstopdf --outfile=eps_imgs/Omega-eps-convert
ed-to.pdf eps_imgs/Omega.eps>
(epstopdf)             \includegraphics on input line 340.
Package epstopdf Info: Output file is already uptodate.
<eps_imgs/Omega-eps-converted-to.pdf, id=754, 146.5475pt x 120.45pt>
File: eps_imgs/Omega-eps-converted-to.pdf Graphic file (type pdf)
<use eps_imgs/Omega-eps-converted-to.pdf>
Package pdftex.def Info: eps_imgs/Omega-eps-converted-to.pdf  used on input lin
e 340.
(pdftex.def)             Requested size: 146.54712pt x 120.44969pt.
Package epstopdf Info: Source file: <eps_imgs/Theta.eps>
(epstopdf)                    date: 2019-03-28 19:19:38
(epstopdf)                    size: 43533 bytes
(epstopdf)             Output file: <eps_imgs/Theta-eps-converted-to.pdf>
(epstopdf)                    date: 2019-03-28 22:04:23
(epstopdf)                    size: 10341 bytes
(epstopdf)             Command: <repstopdf --outfile=eps_imgs/Theta-eps-convert
ed-to.pdf eps_imgs/Theta.eps>
(epstopdf)             \includegraphics on input line 341.
Package epstopdf Info: Output file is already uptodate.
<eps_imgs/Theta-eps-converted-to.pdf, id=755, 171.64125pt x 112.42pt>
File: eps_imgs/Theta-eps-converted-to.pdf Graphic file (type pdf)
<use eps_imgs/Theta-eps-converted-to.pdf>
Package pdftex.def Info: eps_imgs/Theta-eps-converted-to.pdf  used on input lin
e 341.
(pdftex.def)             Requested size: 171.64081pt x 112.41972pt.

Overfull \hbox (33.99129pt too wide) in paragraph at lines 338--343
 [][] 
 []

[105 <./eps_imgs/O-eps-converted-to.pdf> <./eps_imgs/Omega-eps-converted-to.pdf
> <./eps_imgs/Theta-eps-converted-to.pdf>] [106] [107] [108] [109] [110])
[111] (./problemas.tex [112]
Package epstopdf Info: Source file: <eps_imgs/decision.eps>
(epstopdf)                    date: 2019-03-28 19:19:38
(epstopdf)                    size: 34673 bytes
(epstopdf)             Output file: <eps_imgs/decision-eps-converted-to.pdf>
(epstopdf)                    date: 2019-03-28 22:04:23
(epstopdf)                    size: 9177 bytes
(epstopdf)             Command: <repstopdf --outfile=eps_imgs/decision-eps-conv
erted-to.pdf eps_imgs/decision.eps>
(epstopdf)             \includegraphics on input line 54.
Package epstopdf Info: Output file is already uptodate.
<eps_imgs/decision-eps-converted-to.pdf, id=830, 245.91875pt x 100.375pt>
File: eps_imgs/decision-eps-converted-to.pdf Graphic file (type pdf)
<use eps_imgs/decision-eps-converted-to.pdf>
Package pdftex.def Info: eps_imgs/decision-eps-converted-to.pdf  used on input 
line 54.
(pdftex.def)             Requested size: 245.91814pt x 100.37474pt.
 [113 <./eps_imgs/decision-eps-converted-to.pdf>]
[114] [115] [116] [117] [118])
\tf@thm=\write4
\openout4 = `apuntes.thm'.

 [119] (./apuntes.aux
LaTeX Info: Redefining \. on input line 6.
LaTeX Info: Redefining \% on input line 6.
)

LaTeX Warning: Label(s) may have changed. Rerun to get cross-references right.

 ) 
Here is how much of TeX's memory you used:
 4560 strings out of 492616
 68075 string characters out of 6135177
 142426 words of memory out of 5000000
 8241 multiletter control sequences out of 15000+600000
 24425 words of font info for 98 fonts, out of 8000000 for 9000
 1141 hyphenation exceptions out of 8191
 41i,18n,31p,563b,415s stack positions out of 5000i,500n,10000p,200000b,80000s
</usr/share/texmf-dist/fonts/type1/public/amsfonts/cm/cmbx10.pfb></usr/share/
texmf-dist/fonts/type1/public/amsfonts/cm/cmbx12.pfb></usr/share/texmf-dist/fon
ts/type1/public/amsfonts/cm/cmbxti10.pfb></usr/share/texmf-dist/fonts/type1/pub
lic/amsfonts/cm/cmcsc10.pfb></usr/share/texmf-dist/fonts/type1/public/amsfonts/
cm/cmex10.pfb></usr/share/texmf-dist/fonts/type1/public/amsfonts/cm/cmmi10.pfb>
</usr/share/texmf-dist/fonts/type1/public/amsfonts/cm/cmmi12.pfb></usr/share/te
xmf-dist/fonts/type1/public/amsfonts/cm/cmmi5.pfb></usr/share/texmf-dist/fonts/
type1/public/amsfonts/cm/cmmi7.pfb></usr/share/texmf-dist/fonts/type1/public/am
sfonts/cm/cmmi8.pfb></usr/share/texmf-dist/fonts/type1/public/amsfonts/cm/cmr10
.pfb></usr/share/texmf-dist/fonts/type1/public/amsfonts/cm/cmr12.pfb></usr/shar
e/texmf-dist/fonts/type1/public/amsfonts/cm/cmr17.pfb></usr/share/texmf-dist/fo
nts/type1/public/amsfonts/cm/cmr5.pfb></usr/share/texmf-dist/fonts/type1/public
/amsfonts/cm/cmr6.pfb></usr/share/texmf-dist/fonts/type1/public/amsfonts/cm/cmr
7.pfb></usr/share/texmf-dist/fonts/type1/public/amsfonts/cm/cmr8.pfb></usr/shar
e/texmf-dist/fonts/type1/public/amsfonts/cm/cmr9.pfb></usr/share/texmf-dist/fon
ts/type1/public/amsfonts/cm/cmsy10.pfb></usr/share/texmf-dist/fonts/type1/publi
c/amsfonts/cm/cmsy5.pfb></usr/share/texmf-dist/fonts/type1/public/amsfonts/cm/c
msy7.pfb></usr/share/texmf-dist/fonts/type1/public/amsfonts/cm/cmsy8.pfb></usr/
share/texmf-dist/fonts/type1/public/amsfonts/cm/cmti10.pfb></usr/share/texmf-di
st/fonts/type1/public/amsfonts/cm/cmti8.pfb></usr/share/texmf-dist/fonts/type1/
public/amsfonts/cm/cmtt10.pfb></usr/share/texmf-dist/fonts/type1/public/amsfont
s/cm/cmtt9.pfb></usr/share/texmf-dist/fonts/type1/public/amsfonts/latxfont/lasy
10.pfb></usr/share/texmf-dist/fonts/type1/public/amsfonts/symbols/msam10.pfb></
usr/share/texmf-dist/fonts/type1/public/amsfonts/symbols/msbm10.pfb></usr/share
/texmf-dist/fonts/type1/public/amsfonts/symbols/msbm7.pfb>
Output written on apuntes.pdf (120 pages, 961308 bytes).
PDF statistics:
 948 PDF objects out of 1000 (max. 8388607)
 718 compressed objects within 8 object streams
 0 named destinations out of 1000 (max. 500000)
 311 words of extra memory for PDF output out of 10000 (max. 10000000)

